<?xml version="1.0" encoding="UTF-8"?>
<testng-results skipped="0" failed="0" total="1" passed="1">
  <reporter-output>
    <line>
      <![CDATA[ Home Title is verified]]>
    </line>
    <line>
      <![CDATA[verifyValidLogin: is Sucessfully Passed]]>
    </line>
  </reporter-output>
  <suite name="Suite" duration-ms="26182" started-at="2018-08-20T09:29:05Z" finished-at="2018-08-20T09:29:31Z">
    <groups>
    </groups>
    <test name="Test" duration-ms="26182" started-at="2018-08-20T09:29:05Z" finished-at="2018-08-20T09:29:31Z">
      <class name="com.Kanbon.script.LoginTest">
        <test-method status="PASS" signature="setUp(java.lang.String, java.lang.String)[pri:0, instance:com.Kanbon.script.LoginTest@4c70fda8]" name="setUp" is-config="true" duration-ms="7844" started-at="2018-08-20T14:59:05Z" finished-at="2018-08-20T14:59:12Z">
          <params>
            <param index="0">
              <value>
                <![CDATA[firefox]]>
              </value>
            </param>
            <param index="1">
              <value>
                <![CDATA[https://quadrant-info-pvt-ltd.odoo.com/web/login]]>
              </value>
            </param>
          </params>
          <reporter-output>
          </reporter-output>
        </test-method> <!-- setUp -->
        <test-method status="PASS" signature="verifyValidLogin()[pri:0, instance:com.Kanbon.script.LoginTest@4c70fda8]" name="verifyValidLogin" duration-ms="18302" started-at="2018-08-20T14:59:12Z" finished-at="2018-08-20T14:59:31Z">
          <reporter-output>
            <line>
              <![CDATA[ Home Title is verified]]>
            </line>
          </reporter-output>
        </test-method> <!-- verifyValidLogin -->
        <test-method status="PASS" signature="teardown(org.testng.ITestResult)[pri:0, instance:com.Kanbon.script.LoginTest@4c70fda8]" name="teardown" is-config="true" duration-ms="14" started-at="2018-08-20T14:59:31Z" finished-at="2018-08-20T14:59:31Z">
          <params>
            <param index="0">
              <value>
                <![CDATA[[TestResult name=verifyValidLogin status=SUCCESS method=LoginTest.verifyValidLogin()[pri:0, instance:com.Kanbon.script.LoginTest@4c70fda8] output= Home Title is verified]]]>
              </value>
            </param>
          </params>
          <reporter-output>
            <line>
              <![CDATA[verifyValidLogin: is Sucessfully Passed]]>
            </line>
          </reporter-output>
        </test-method> <!-- teardown -->
      </class> <!-- com.Kanbon.script.LoginTest -->
    </test> <!-- Test -->
  </suite> <!-- Suite -->
</testng-results>
